<?xml version="1.0" encoding="UTF-8"?>
<Site BuildName="(empty)"
	BuildStamp="20220331-0236-Experimental"
	Name="hongfeng"
	Generator="ctest-3.23.0-rc2"
	CompilerName="/usr/bin/x86_64-linux-gnu-g++-7"
	CompilerVersion="7.5.0"
	OSName="Linux"
	Hostname="hongfeng"
	OSRelease="5.4.0-77-generic"
	OSVersion="#86~18.04.1-Ubuntu SMP Fri Jun 18 01:23:22 UTC 2021"
	OSPlatform="x86_64"
	Is64Bits="1"
	VendorString="AuthenticAMD"
	VendorID="Advanced Micro Devices"
	FamilyID="25"
	ModelID="80"
	ProcessorCacheSize="512"
	NumberOfLogicalCPU="16"
	NumberOfPhysicalCPU="8"
	TotalVirtualMemory="15624"
	TotalPhysicalMemory="15943"
	LogicalProcessorsPerPhysical="2"
	ProcessorClockFrequency="4129.81"
	>
	<Testing>
		<StartDateTime>Mar 31 10:36 CST</StartDateTime>
		<StartTestTime>1648694194</StartTestTime>
		<TestList/>
		<EndDateTime>Mar 31 10:36 CST</EndDateTime>
		<EndTestTime>1648694194</EndTestTime>
		<ElapsedMinutes>0</ElapsedMinutes>
	</Testing>
</Site>
